1579639637491:help
1579639644164:exit
1579642208129:help
1579642211432:exit
1579646542518:help
1579646549463:exit
1579646792276:help
1579646805221:history
1579646811758:exit
1579691151661:add 1 2
1579691158802:help
1579691205262:sdfsd
1579697705281:help
1579697718010:db
1579697800233:help
1579697810567:db
1579697877676:db -fgf
1579697890950:db --dfd
1579697944777:db --file sfsdf
1579697977198:db --file ecobike.txt
1579698088976:db
1579698100213:db --file dsfsd
1579698154419:db --file fddg
1579698482087:db --file sdf
1579698883297:sd
1579698888986:db --file sad
1579698937143:db --file ecobike.txt
1579699009789:db --file C:\\Users\\Templar\\GitRepo\\TestTask1\\src\\main\\resources\\ecobike.txt
1579699179367:db --file ecobike.txt
1579699199695:db --file sdf
1579699359385:db --file dsfsdf
1579699490334:db --file dfds
1579699498917:db --file ecobike.txt
